2026-04-12T11:29:12.331+05:30  INFO 36832 --- [smart-toll-system] [main] c.s.system.SmartTollSystemApplication    : Starting SmartTollSystemApplication using Java 23.0.1 with PID 36832 (C:\Users\shub1\OneDrive\Desktop\SmartToll-CollectionSystem\target\classes started by shub1 in C:\Users\shub1\OneDrive\Desktop\SmartToll-CollectionSystem)
2026-04-12T11:29:12.352+05:30 DEBUG 36832 --- [smart-toll-system] [main] c.s.system.SmartTollSystemApplication    : Running with Spring Boot v3.3.5, Spring v6.1.14
2026-04-12T11:29:12.354+05:30  INFO 36832 --- [smart-toll-system] [main] c.s.system.SmartTollSystemApplication    : No active profile set, falling back to 1 default profile: "default"
2026-04-12T11:29:13.817+05:30  INFO 36832 --- [smart-toll-system] [main] .s.d.r.c.RepositoryConfigurationDelegate : Bootstrapping Spring Data JPA repositories in DEFAULT mode.
2026-04-12T11:29:13.957+05:30  INFO 36832 --- [smart-toll-system] [main] .s.d.r.c.RepositoryConfigurationDelegate : Finished Spring Data repository scanning in 125 ms. Found 4 JPA repository interfaces.
2026-04-12T11:29:14.797+05:30  INFO 36832 --- [smart-toll-system] [main] o.s.b.w.embedded.tomcat.TomcatWebServer  : Tomcat initialized with port 9090 (http)
2026-04-12T11:29:14.817+05:30  INFO 36832 --- [smart-toll-system] [main] o.apache.catalina.core.StandardService   : Starting service [Tomcat]
2026-04-12T11:29:14.817+05:30  INFO 36832 --- [smart-toll-system] [main] o.apache.catalina.core.StandardEngine    : Starting Servlet engine: [Apache Tomcat/10.1.31]
2026-04-12T11:29:14.902+05:30  INFO 36832 --- [smart-toll-system] [main] o.a.c.c.C.[Tomcat].[localhost].[/]       : Initializing Spring embedded WebApplicationContext
2026-04-12T11:29:14.903+05:30  INFO 36832 --- [smart-toll-system] [main] w.s.c.ServletWebServerApplicationContext : Root WebApplicationContext: initialization completed in 2444 ms
2026-04-12T11:29:15.087+05:30  INFO 36832 --- [smart-toll-system] [main] o.hibernate.jpa.internal.util.LogHelper  : HHH000204: Processing PersistenceUnitInfo [name: default]
2026-04-12T11:29:15.173+05:30  INFO 36832 --- [smart-toll-system] [main] org.hibernate.Version                    : HHH000412: Hibernate ORM core version 6.5.3.Final
2026-04-12T11:29:15.225+05:30  INFO 36832 --- [smart-toll-system] [main] o.h.c.internal.RegionFactoryInitiator    : HHH000026: Second-level cache disabled
2026-04-12T11:29:15.608+05:30  INFO 36832 --- [smart-toll-system] [main] o.s.o.j.p.SpringPersistenceUnitInfo      : No LoadTimeWeaver setup: ignoring JPA class transformer
2026-04-12T11:29:15.660+05:30  INFO 36832 --- [smart-toll-system] [main] com.zaxxer.hikari.HikariDataSource       : HikariPool-1 - Starting...
2026-04-12T11:29:16.290+05:30  INFO 36832 --- [smart-toll-system] [main] com.zaxxer.hikari.pool.HikariPool        : HikariPool-1 - Added connection com.mysql.cj.jdbc.ConnectionImpl@194224ca
2026-04-12T11:29:16.294+05:30  INFO 36832 --- [smart-toll-system] [main] com.zaxxer.hikari.HikariDataSource       : HikariPool-1 - Start completed.
2026-04-12T11:29:17.723+05:30  INFO 36832 --- [smart-toll-system] [main] o.h.e.t.j.p.i.JtaPlatformInitiator       : HHH000489: No JTA platform available (set 'hibernate.transaction.jta.platform' to enable JTA platform integration)
2026-04-12T11:29:17.911+05:30  INFO 36832 --- [smart-toll-system] [main] j.LocalContainerEntityManagerFactoryBean : Initialized JPA EntityManagerFactory for persistence unit 'default'
2026-04-12T11:29:18.281+05:30 DEBUG 36832 --- [smart-toll-system] [main] c.s.s.security.JwtAuthenticationFilter   : Filter 'jwtAuthenticationFilter' configured for use
2026-04-12T11:29:18.405+05:30  INFO 36832 --- [smart-toll-system] [main] eAuthenticationProviderManagerConfigurer : Global AuthenticationManager configured with AuthenticationProvider bean with name authenticationProvider
2026-04-12T11:29:18.405+05:30  WARN 36832 --- [smart-toll-system] [main] r$InitializeUserDetailsManagerConfigurer : Global AuthenticationManager configured with an AuthenticationProvider bean. UserDetailsService beans will not be used for username/password login. Consider removing the AuthenticationProvider bean. Alternatively, consider using the UserDetailsService in a manually instantiated DaoAuthenticationProvider.
2026-04-12T11:29:18.489+05:30  WARN 36832 --- [smart-toll-system] [main] JpaBaseConfiguration$JpaWebConfiguration : spring.jpa.open-in-view is enabled by default. Therefore, database queries may be performed during view rendering. Explicitly configure spring.jpa.open-in-view to disable this warning
2026-04-12T11:29:19.040+05:30  INFO 36832 --- [smart-toll-system] [main] o.s.b.w.embedded.tomcat.TomcatWebServer  : Tomcat started on port 9090 (http) with context path '/'
2026-04-12T11:29:19.047+05:30  INFO 36832 --- [smart-toll-system] [main] c.s.system.SmartTollSystemApplication    : Started SmartTollSystemApplication in 7.307 seconds (process running for 8.168)
2026-04-12T11:32:52.264+05:30  INFO 36832 --- [smart-toll-system] [http-nio-9090-exec-1] o.a.c.c.C.[Tomcat].[localhost].[/]       : Initializing Spring DispatcherServlet 'dispatcherServlet'
2026-04-12T11:32:52.313+05:30  INFO 36832 --- [smart-toll-system] [http-nio-9090-exec-1] o.s.web.servlet.DispatcherServlet        : Initializing Servlet 'dispatcherServlet'
2026-04-12T11:32:52.490+05:30  INFO 36832 --- [smart-toll-system] [http-nio-9090-exec-1] o.s.web.servlet.DispatcherServlet        : Completed initialization in 162 ms
2026-04-12T11:33:16.330+05:30  INFO 36832 --- [smart-toll-system] [http-nio-9090-exec-10] c.s.system.controller.UserController     : Fetched details for user 4
2026-04-12T11:33:16.337+05:30  INFO 36832 --- [smart-toll-system] [http-nio-9090-exec-8] c.smarttoll.system.service.TollService   : Fetching transaction history for user 4
2026-04-12T11:33:16.405+05:30  INFO 36832 --- [smart-toll-system] [http-nio-9090-exec-1] c.s.system.controller.UserController     : Fetched details for user 4
2026-04-12T11:33:16.405+05:30  INFO 36832 --- [smart-toll-system] [http-nio-9090-exec-8] c.s.system.controller.UserController     : Fetched 0 transactions for user 4
2026-04-12T11:33:16.458+05:30  INFO 36832 --- [smart-toll-system] [http-nio-9090-exec-2] c.smarttoll.system.service.TollService   : Fetching transaction history for user 4
2026-04-12T11:33:16.487+05:30  INFO 36832 --- [smart-toll-system] [http-nio-9090-exec-2] c.s.system.controller.UserController     : Fetched 0 transactions for user 4
2026-04-12T11:33:52.288+05:30  INFO 36832 --- [smart-toll-system] [http-nio-9090-exec-4] c.s.system.controller.VehicleController  : Registered vehicle HR20AU6820 for owner 4
2026-04-12T11:34:31.205+05:30  INFO 36832 --- [smart-toll-system] [http-nio-9090-exec-2] c.s.system.controller.TollController     : Received scan request for RFID tag RFID-0008 at booth null
2026-04-12T11:34:31.213+05:30  INFO 36832 --- [smart-toll-system] [http-nio-9090-exec-2] c.smarttoll.system.service.TollService   : Processing toll scan for RFID tag RFID-0008 at booth null / P2
2026-04-12T11:34:31.401+05:30  INFO 36832 --- [smart-toll-system] [http-nio-9090-exec-2] c.smarttoll.system.service.TollService   : Toll processed successfully for vehicle HR20AU6820 at booth P2. Remaining balance: 400.00
2026-04-12T11:35:01.111+05:30  INFO 36832 --- [smart-toll-system] [http-nio-9090-exec-7] c.s.system.controller.UserController     : Fetched details for user 4
2026-04-12T11:35:01.114+05:30  INFO 36832 --- [smart-toll-system] [http-nio-9090-exec-10] c.smarttoll.system.service.TollService   : Fetching transaction history for user 4
2026-04-12T11:35:01.158+05:30  INFO 36832 --- [smart-toll-system] [http-nio-9090-exec-1] c.s.system.controller.UserController     : Fetched details for user 4
2026-04-12T11:35:01.158+05:30  INFO 36832 --- [smart-toll-system] [http-nio-9090-exec-10] c.s.system.controller.UserController     : Fetched 1 transactions for user 4
2026-04-12T11:35:01.208+05:30  INFO 36832 --- [smart-toll-system] [http-nio-9090-exec-8] c.smarttoll.system.service.TollService   : Fetching transaction history for user 4
2026-04-12T11:35:01.236+05:30  INFO 36832 --- [smart-toll-system] [http-nio-9090-exec-8] c.s.system.controller.UserController     : Fetched 1 transactions for user 4
2026-04-12T11:35:56.483+05:30  INFO 36832 --- [smart-toll-system] [http-nio-9090-exec-10] c.s.system.controller.UserController     : Fetched details for user 4
2026-04-12T11:35:56.486+05:30  INFO 36832 --- [smart-toll-system] [http-nio-9090-exec-8] c.smarttoll.system.service.TollService   : Fetching transaction history for user 4
2026-04-12T11:35:56.511+05:30  INFO 36832 --- [smart-toll-system] [http-nio-9090-exec-8] c.s.system.controller.UserController     : Fetched 1 transactions for user 4
2026-04-12T11:35:56.522+05:30  INFO 36832 --- [smart-toll-system] [http-nio-9090-exec-2] c.s.system.controller.UserController     : Fetched details for user 4
2026-04-12T11:35:56.560+05:30  INFO 36832 --- [smart-toll-system] [http-nio-9090-exec-3] c.smarttoll.system.service.TollService   : Fetching transaction history for user 4
2026-04-12T11:35:56.586+05:30  INFO 36832 --- [smart-toll-system] [http-nio-9090-exec-3] c.s.system.controller.UserController     : Fetched 1 transactions for user 4
2026-04-12T11:36:35.635+05:30  INFO 36832 --- [smart-toll-system] [http-nio-9090-exec-2] c.s.system.controller.UserController     : Fetched details for user 4
2026-04-12T11:36:35.666+05:30  INFO 36832 --- [smart-toll-system] [http-nio-9090-exec-3] c.smarttoll.system.service.TollService   : Fetching transaction history for user 4
2026-04-12T11:36:35.678+05:30  INFO 36832 --- [smart-toll-system] [http-nio-9090-exec-9] c.s.system.controller.UserController     : Fetched details for user 4
2026-04-12T11:36:35.691+05:30  INFO 36832 --- [smart-toll-system] [http-nio-9090-exec-3] c.s.system.controller.UserController     : Fetched 1 transactions for user 4
2026-04-12T11:36:35.730+05:30  INFO 36832 --- [smart-toll-system] [http-nio-9090-exec-4] c.smarttoll.system.service.TollService   : Fetching transaction history for user 4
2026-04-12T11:36:35.753+05:30  INFO 36832 --- [smart-toll-system] [http-nio-9090-exec-4] c.s.system.controller.UserController     : Fetched 1 transactions for user 4
2026-04-12T11:37:05.675+05:30  INFO 36832 --- [smart-toll-system] [http-nio-9090-exec-5] c.s.system.controller.UserController     : Added 100 to wallet for user 4
2026-04-12T11:49:21.413+05:30  INFO 36832 --- [smart-toll-system] [http-nio-9090-exec-9] c.s.system.controller.UserController     : Fetched details for user 4
2026-04-12T11:49:21.414+05:30  INFO 36832 --- [smart-toll-system] [http-nio-9090-exec-3] c.smarttoll.system.service.TollService   : Fetching transaction history for user 4
2026-04-12T11:49:21.481+05:30  INFO 36832 --- [smart-toll-system] [http-nio-9090-exec-4] c.s.system.controller.UserController     : Fetched details for user 4
2026-04-12T11:49:21.514+05:30  INFO 36832 --- [smart-toll-system] [http-nio-9090-exec-3] c.s.system.controller.UserController     : Fetched 1 transactions for user 4
2026-04-12T11:49:21.762+05:30  INFO 36832 --- [smart-toll-system] [http-nio-9090-exec-6] c.smarttoll.system.service.TollService   : Fetching transaction history for user 4
2026-04-12T11:49:21.786+05:30  INFO 36832 --- [smart-toll-system] [http-nio-9090-exec-6] c.s.system.controller.UserController     : Fetched 1 transactions for user 4
2026-04-12T11:50:42.057+05:30  INFO 36832 --- [smart-toll-system] [http-nio-9090-exec-8] c.s.system.controller.VehicleController  : Fetched 4 vehicles for monitoring
2026-04-12T11:50:42.086+05:30  INFO 36832 --- [smart-toll-system] [http-nio-9090-exec-3] c.s.system.controller.AdminController    : Fetched 9 transactions for admin view
2026-04-12T11:50:42.161+05:30  INFO 36832 --- [smart-toll-system] [http-nio-9090-exec-10] c.s.system.controller.VehicleController  : Fetched 4 vehicles for monitoring
2026-04-12T11:50:42.209+05:30  INFO 36832 --- [smart-toll-system] [http-nio-9090-exec-2] c.s.system.controller.AdminController    : Fetched 9 transactions for admin view
2026-04-12T11:51:09.916+05:30  INFO 36832 --- [smart-toll-system] [http-nio-9090-exec-9] c.s.system.controller.AdminController    : Created toll booth Mishra-Ji at Aligarh
2026-04-12T12:04:56.000+05:30  INFO 36832 --- [smart-toll-system] [http-nio-9090-exec-2] c.s.system.controller.VehicleController  : Fetched 4 vehicles for monitoring
2026-04-12T12:04:56.121+05:30  INFO 36832 --- [smart-toll-system] [http-nio-9090-exec-1] c.s.system.controller.AdminController    : Fetched 9 transactions for admin view
2026-04-12T12:04:56.213+05:30  INFO 36832 --- [smart-toll-system] [http-nio-9090-exec-9] c.s.system.controller.VehicleController  : Fetched 4 vehicles for monitoring
2026-04-12T12:04:56.291+05:30  INFO 36832 --- [smart-toll-system] [http-nio-9090-exec-5] c.s.system.controller.AdminController    : Fetched 9 transactions for admin view
2026-04-12T12:05:00.513+05:30  WARN 36832 --- [smart-toll-system] [HikariPool-1 housekeeper] com.zaxxer.hikari.pool.HikariPool        : HikariPool-1 - Thread starvation or clock leap detected (housekeeper delta=13m42s35ms425µs900ns).
2026-04-12T12:52:30.186+05:30  WARN 36832 --- [smart-toll-system] [HikariPool-1 housekeeper] com.zaxxer.hikari.pool.HikariPool        : HikariPool-1 - Thread starvation or clock leap detected (housekeeper delta=19m59s7ms22µs900ns).
2026-04-12T13:59:37.012+05:30  WARN 36832 --- [smart-toll-system] [HikariPool-1 housekeeper] com.zaxxer.hikari.pool.HikariPool        : HikariPool-1 - Thread starvation or clock leap detected (housekeeper delta=1h7m3s552ms473µs600ns).
2026-04-12T14:00:29.321+05:30  WARN 36832 --- [smart-toll-system] [HikariPool-1 housekeeper] com.zaxxer.hikari.pool.HikariPool        : HikariPool-1 - Thread starvation or clock leap detected (housekeeper delta=55s608ms203µs900ns).
2026-04-12T14:03:10.961+05:30  INFO 36832 --- [smart-toll-system] [http-nio-9090-exec-6] c.s.system.controller.VehicleController  : Fetched 4 vehicles for monitoring
2026-04-12T14:03:10.999+05:30  INFO 36832 --- [smart-toll-system] [http-nio-9090-exec-2] c.s.system.controller.AdminController    : Fetched 9 transactions for admin view
2026-04-12T14:03:11.256+05:30  INFO 36832 --- [smart-toll-system] [http-nio-9090-exec-6] c.s.system.controller.VehicleController  : Fetched 4 vehicles for monitoring
2026-04-12T14:03:11.261+05:30  INFO 36832 --- [smart-toll-system] [http-nio-9090-exec-5] c.s.system.controller.AdminController    : Fetched 9 transactions for admin view
2026-04-12T14:04:53.777+05:30 ERROR 36832 --- [smart-toll-system] [http-nio-9090-exec-1] c.s.s.exception.GlobalExceptionHandler   : Unhandled exception

org.springframework.security.authentication.BadCredentialsException: Bad credentials
	at org.springframework.security.authentication.dao.DaoAuthenticationProvider.additionalAuthenticationChecks(DaoAuthenticationProvider.java:93) ~[spring-security-core-6.3.4.jar:6.3.4]
	at org.springframework.security.authentication.dao.AbstractUserDetailsAuthenticationProvider.authenticate(AbstractUserDetailsAuthenticationProvider.java:147) ~[spring-security-core-6.3.4.jar:6.3.4]
	at org.springframework.security.authentication.ProviderManager.authenticate(ProviderManager.java:182) ~[spring-security-core-6.3.4.jar:6.3.4]
	at com.smarttoll.system.controller.AuthController.login(AuthController.java:75) ~[classes/:na]
	at java.base/jdk.internal.reflect.DirectMethodHandleAccessor.invoke(DirectMethodHandleAccessor.java:103) ~[na:na]
	at java.base/java.lang.reflect.Method.invoke(Method.java:580) ~[na:na]
	at org.springframework.web.method.support.InvocableHandlerMethod.doInvoke(InvocableHandlerMethod.java:255) ~[spring-web-6.1.14.jar:6.1.14]
	at org.springframework.web.method.support.InvocableHandlerMethod.invokeForRequest(InvocableHandlerMethod.java:188) ~[spring-web-6.1.14.jar:6.1.14]
	at org.springframework.web.servlet.mvc.method.annotation.ServletInvocableHandlerMethod.invokeAndHandle(ServletInvocableHandlerMethod.java:118) ~[spring-webmvc-6.1.14.jar:6.1.14]
	at org.springframework.web.servlet.mvc.method.annotation.RequestMappingHandlerAdapter.invokeHandlerMethod(RequestMappingHandlerAdapter.java:926) ~[spring-webmvc-6.1.14.jar:6.1.14]
	at org.springframework.web.servlet.mvc.method.annotation.RequestMappingHandlerAdapter.handleInternal(RequestMappingHandlerAdapter.java:831) ~[spring-webmvc-6.1.14.jar:6.1.14]
	at org.springframework.web.servlet.mvc.method.AbstractHandlerMethodAdapter.handle(AbstractHandlerMethodAdapter.java:87) ~[spring-webmvc-6.1.14.jar:6.1.14]
	at org.springframework.web.servlet.DispatcherServlet.doDispatch(DispatcherServlet.java:1089) ~[spring-webmvc-6.1.14.jar:6.1.14]
	at org.springframework.web.servlet.DispatcherServlet.doService(DispatcherServlet.java:979) ~[spring-webmvc-6.1.14.jar:6.1.14]
	at org.springframework.web.servlet.FrameworkServlet.processRequest(FrameworkServlet.java:1014) ~[spring-webmvc-6.1.14.jar:6.1.14]
	at org.springframework.web.servlet.FrameworkServlet.doPost(FrameworkServlet.java:914) ~[spring-webmvc-6.1.14.jar:6.1.14]
	at jakarta.servlet.http.HttpServlet.service(HttpServlet.java:590) ~[tomcat-embed-core-10.1.31.jar:6.0]
	at org.springframework.web.servlet.FrameworkServlet.service(FrameworkServlet.java:885) ~[spring-webmvc-6.1.14.jar:6.1.14]
	at jakarta.servlet.http.HttpServlet.service(HttpServlet.java:658) ~[tomcat-embed-core-10.1.31.jar:6.0]
	at org.apache.catalina.core.ApplicationFilterChain.internalDoFilter(ApplicationFilterChain.java:195) ~[tomcat-embed-core-10.1.31.jar:10.1.31]
	at org.apache.catalina.core.ApplicationFilterChain.doFilter(ApplicationFilterChain.java:140) ~[tomcat-embed-core-10.1.31.jar:10.1.31]
	at org.apache.tomcat.websocket.server.WsFilter.doFilter(WsFilter.java:51) ~[tomcat-embed-websocket-10.1.31.jar:10.1.31]
	at org.apache.catalina.core.ApplicationFilterChain.internalDoFilter(ApplicationFilterChain.java:164) ~[tomcat-embed-core-10.1.31.jar:10.1.31]
	at org.apache.catalina.core.ApplicationFilterChain.doFilter(ApplicationFilterChain.java:140) ~[tomcat-embed-core-10.1.31.jar:10.1.31]
	at org.springframework.web.filter.OncePerRequestFilter.doFilter(OncePerRequestFilter.java:110) ~[spring-web-6.1.14.jar:6.1.14]
	at org.apache.catalina.core.ApplicationFilterChain.internalDoFilter(ApplicationFilterChain.java:164) ~[tomcat-embed-core-10.1.31.jar:10.1.31]
	at org.apache.catalina.core.ApplicationFilterChain.doFilter(ApplicationFilterChain.java:140) ~[tomcat-embed-core-10.1.31.jar:10.1.31]
	at org.springframework.web.filter.CompositeFilter$VirtualFilterChain.doFilter(CompositeFilter.java:108) ~[spring-web-6.1.14.jar:6.1.14]
	at org.springframework.security.web.FilterChainProxy.lambda$doFilterInternal$3(FilterChainProxy.java:231) ~[spring-security-web-6.3.4.jar:6.3.4]
	at org.springframework.security.web.FilterChainProxy$VirtualFilterChain.doFilter(FilterChainProxy.java:365) ~[spring-security-web-6.3.4.jar:6.3.4]
	at org.springframework.security.web.access.intercept.AuthorizationFilter.doFilter(AuthorizationFilter.java:100) ~[spring-security-web-6.3.4.jar:6.3.4]
	at org.springframework.security.web.FilterChainProxy$VirtualFilterChain.doFilter(FilterChainProxy.java:374) ~[spring-security-web-6.3.4.jar:6.3.4]
	at org.springframework.security.web.access.ExceptionTranslationFilter.doFilter(ExceptionTranslationFilter.java:126) ~[spring-security-web-6.3.4.jar:6.3.4]
	at org.springframework.security.web.access.ExceptionTranslationFilter.doFilter(ExceptionTranslationFilter.java:120) ~[spring-security-web-6.3.4.jar:6.3.4]
	at org.springframework.security.web.FilterChainProxy$VirtualFilterChain.doFilter(FilterChainProxy.java:374) ~[spring-security-web-6.3.4.jar:6.3.4]
	at org.springframework.security.web.session.SessionManagementFilter.doFilter(SessionManagementFilter.java:131) ~[spring-security-web-6.3.4.jar:6.3.4]
	at org.springframework.security.web.session.SessionManagementFilter.doFilter(SessionManagementFilter.java:85) ~[spring-security-web-6.3.4.jar:6.3.4]
	at org.springframework.security.web.FilterChainProxy$VirtualFilterChain.doFilter(FilterChainProxy.java:374) ~[spring-security-web-6.3.4.jar:6.3.4]
	at org.springframework.security.web.authentication.AnonymousAuthenticationFilter.doFilter(AnonymousAuthenticationFilter.java:100) ~[spring-security-web-6.3.4.jar:6.3.4]
	at org.springframework.security.web.FilterChainProxy$VirtualFilterChain.doFilter(FilterChainProxy.java:374) ~[spring-security-web-6.3.4.jar:6.3.4]
	at org.springframework.security.web.servletapi.SecurityContextHolderAwareRequestFilter.doFilter(SecurityContextHolderAwareRequestFilter.java:179) ~[spring-security-web-6.3.4.jar:6.3.4]
	at org.springframework.security.web.FilterChainProxy$VirtualFilterChain.doFilter(FilterChainProxy.java:374) ~[spring-security-web-6.3.4.jar:6.3.4]
	at org.springframework.security.web.savedrequest.RequestCacheAwareFilter.doFilter(RequestCacheAwareFilter.java:63) ~[spring-security-web-6.3.4.jar:6.3.4]
	at org.springframework.security.web.FilterChainProxy$VirtualFilterChain.doFilter(FilterChainProxy.java:374) ~[spring-security-web-6.3.4.jar:6.3.4]
	at com.smarttoll.system.security.JwtAuthenticationFilter.doFilterInternal(JwtAuthenticationFilter.java:36) ~[classes/:na]
	at org.springframework.web.filter.OncePerRequestFilter.doFilter(OncePerRequestFilter.java:116) ~[spring-web-6.1.14.jar:6.1.14]
	at org.springframework.security.web.FilterChainProxy$VirtualFilterChain.doFilter(FilterChainProxy.java:374) ~[spring-security-web-6.3.4.jar:6.3.4]
	at org.springframework.security.web.authentication.logout.LogoutFilter.doFilter(LogoutFilter.java:107) ~[spring-security-web-6.3.4.jar:6.3.4]
	at org.springframework.security.web.authentication.logout.LogoutFilter.doFilter(LogoutFilter.java:93) ~[spring-security-web-6.3.4.jar:6.3.4]
	at org.springframework.security.web.FilterChainProxy$VirtualFilterChain.doFilter(FilterChainProxy.java:374) ~[spring-security-web-6.3.4.jar:6.3.4]
	at org.springframework.web.filter.CorsFilter.doFilterInternal(CorsFilter.java:91) ~[spring-web-6.1.14.jar:6.1.14]
	at org.springframework.web.filter.OncePerRequestFilter.doFilter(OncePerRequestFilter.java:116) ~[spring-web-6.1.14.jar:6.1.14]
	at org.springframework.security.web.FilterChainProxy$VirtualFilterChain.doFilter(FilterChainProxy.java:374) ~[spring-security-web-6.3.4.jar:6.3.4]
	at org.springframework.security.web.header.HeaderWriterFilter.doHeadersAfter(HeaderWriterFilter.java:90) ~[spring-security-web-6.3.4.jar:6.3.4]
	at org.springframework.security.web.header.HeaderWriterFilter.doFilterInternal(HeaderWriterFilter.java:75) ~[spring-security-web-6.3.4.jar:6.3.4]
	at org.springframework.web.filter.OncePerRequestFilter.doFilter(OncePerRequestFilter.java:116) ~[spring-web-6.1.14.jar:6.1.14]
	at org.springframework.security.web.FilterChainProxy$VirtualFilterChain.doFilter(FilterChainProxy.java:374) ~[spring-security-web-6.3.4.jar:6.3.4]
	at org.springframework.security.web.context.SecurityContextHolderFilter.doFilter(SecurityContextHolderFilter.java:82) ~[spring-security-web-6.3.4.jar:6.3.4]
	at org.springframework.security.web.context.SecurityContextHolderFilter.doFilter(SecurityContextHolderFilter.java:69) ~[spring-security-web-6.3.4.jar:6.3.4]
	at org.springframework.security.web.FilterChainProxy$VirtualFilterChain.doFilter(FilterChainProxy.java:374) ~[spring-security-web-6.3.4.jar:6.3.4]
	at org.springframework.security.web.context.request.async.WebAsyncManagerIntegrationFilter.doFilterInternal(WebAsyncManagerIntegrationFilter.java:62) ~[spring-security-web-6.3.4.jar:6.3.4]
	at org.springframework.web.filter.OncePerRequestFilter.doFilter(OncePerRequestFilter.java:116) ~[spring-web-6.1.14.jar:6.1.14]
	at org.springframework.security.web.FilterChainProxy$VirtualFilterChain.doFilter(FilterChainProxy.java:374) ~[spring-security-web-6.3.4.jar:6.3.4]
	at org.springframework.security.web.session.DisableEncodeUrlFilter.doFilterInternal(DisableEncodeUrlFilter.java:42) ~[spring-security-web-6.3.4.jar:6.3.4]
	at org.springframework.web.filter.OncePerRequestFilter.doFilter(OncePerRequestFilter.java:116) ~[spring-web-6.1.14.jar:6.1.14]
	at org.springframework.security.web.FilterChainProxy$VirtualFilterChain.doFilter(FilterChainProxy.java:374) ~[spring-security-web-6.3.4.jar:6.3.4]
	at org.springframework.security.web.FilterChainProxy.doFilterInternal(FilterChainProxy.java:233) ~[spring-security-web-6.3.4.jar:6.3.4]
	at org.springframework.security.web.FilterChainProxy.doFilter(FilterChainProxy.java:191) ~[spring-security-web-6.3.4.jar:6.3.4]
	at org.springframework.web.filter.CompositeFilter$VirtualFilterChain.doFilter(CompositeFilter.java:113) ~[spring-web-6.1.14.jar:6.1.14]
	at org.springframework.web.servlet.handler.HandlerMappingIntrospector.lambda$createCacheFilter$3(HandlerMappingIntrospector.java:195) ~[spring-webmvc-6.1.14.jar:6.1.14]
	at org.springframework.web.filter.CompositeFilter$VirtualFilterChain.doFilter(CompositeFilter.java:113) ~[spring-web-6.1.14.jar:6.1.14]
	at org.springframework.web.filter.CompositeFilter.doFilter(CompositeFilter.java:74) ~[spring-web-6.1.14.jar:6.1.14]
	at org.springframework.security.config.annotation.web.configuration.WebMvcSecurityConfiguration$CompositeFilterChainProxy.doFilter(WebMvcSecurityConfiguration.java:230) ~[spring-security-config-6.3.4.jar:6.3.4]
	at org.springframework.web.filter.DelegatingFilterProxy.invokeDelegate(DelegatingFilterProxy.java:362) ~[spring-web-6.1.14.jar:6.1.14]
	at org.springframework.web.filter.DelegatingFilterProxy.doFilter(DelegatingFilterProxy.java:278) ~[spring-web-6.1.14.jar:6.1.14]
	at org.apache.catalina.core.ApplicationFilterChain.internalDoFilter(ApplicationFilterChain.java:164) ~[tomcat-embed-core-10.1.31.jar:10.1.31]
	at org.apache.catalina.core.ApplicationFilterChain.doFilter(ApplicationFilterChain.java:140) ~[tomcat-embed-core-10.1.31.jar:10.1.31]
	at org.springframework.web.filter.RequestContextFilter.doFilterInternal(RequestContextFilter.java:100) ~[spring-web-6.1.14.jar:6.1.14]
	at org.springframework.web.filter.OncePerRequestFilter.doFilter(OncePerRequestFilter.java:116) ~[spring-web-6.1.14.jar:6.1.14]
	at org.apache.catalina.core.ApplicationFilterChain.internalDoFilter(ApplicationFilterChain.java:164) ~[tomcat-embed-core-10.1.31.jar:10.1.31]
	at org.apache.catalina.core.ApplicationFilterChain.doFilter(ApplicationFilterChain.java:140) ~[tomcat-embed-core-10.1.31.jar:10.1.31]
	at org.springframework.web.filter.FormContentFilter.doFilterInternal(FormContentFilter.java:93) ~[spring-web-6.1.14.jar:6.1.14]
	at org.springframework.web.filter.OncePerRequestFilter.doFilter(OncePerRequestFilter.java:116) ~[spring-web-6.1.14.jar:6.1.14]
	at org.apache.catalina.core.ApplicationFilterChain.internalDoFilter(ApplicationFilterChain.java:164) ~[tomcat-embed-core-10.1.31.jar:10.1.31]
	at org.apache.catalina.core.ApplicationFilterChain.doFilter(ApplicationFilterChain.java:140) ~[tomcat-embed-core-10.1.31.jar:10.1.31]
	at org.springframework.web.filter.CharacterEncodingFilter.doFilterInternal(CharacterEncodingFilter.java:201) ~[spring-web-6.1.14.jar:6.1.14]
	at org.springframework.web.filter.OncePerRequestFilter.doFilter(OncePerRequestFilter.java:116) ~[spring-web-6.1.14.jar:6.1.14]
	at org.apache.catalina.core.ApplicationFilterChain.internalDoFilter(ApplicationFilterChain.java:164) ~[tomcat-embed-core-10.1.31.jar:10.1.31]
	at org.apache.catalina.core.ApplicationFilterChain.doFilter(ApplicationFilterChain.java:140) ~[tomcat-embed-core-10.1.31.jar:10.1.31]
	at org.apache.catalina.core.StandardWrapperValve.invoke(StandardWrapperValve.java:167) ~[tomcat-embed-core-10.1.31.jar:10.1.31]
	at org.apache.catalina.core.StandardContextValve.invoke(StandardContextValve.java:90) ~[tomcat-embed-core-10.1.31.jar:10.1.31]
	at org.apache.catalina.authenticator.AuthenticatorBase.invoke(AuthenticatorBase.java:483) ~[tomcat-embed-core-10.1.31.jar:10.1.31]
	at org.apache.catalina.core.StandardHostValve.invoke(StandardHostValve.java:115) ~[tomcat-embed-core-10.1.31.jar:10.1.31]
	at org.apache.catalina.valves.ErrorReportValve.invoke(ErrorReportValve.java:93) ~[tomcat-embed-core-10.1.31.jar:10.1.31]
	at org.apache.catalina.core.StandardEngineValve.invoke(StandardEngineValve.java:74) ~[tomcat-embed-core-10.1.31.jar:10.1.31]
	at org.apache.catalina.connector.CoyoteAdapter.service(CoyoteAdapter.java:344) ~[tomcat-embed-core-10.1.31.jar:10.1.31]
	at org.apache.coyote.http11.Http11Processor.service(Http11Processor.java:384) ~[tomcat-embed-core-10.1.31.jar:10.1.31]
	at org.apache.coyote.AbstractProcessorLight.process(AbstractProcessorLight.java:63) ~[tomcat-embed-core-10.1.31.jar:10.1.31]
	at org.apache.coyote.AbstractProtocol$ConnectionHandler.process(AbstractProtocol.java:905) ~[tomcat-embed-core-10.1.31.jar:10.1.31]
	at org.apache.tomcat.util.net.NioEndpoint$SocketProcessor.doRun(NioEndpoint.java:1741) ~[tomcat-embed-core-10.1.31.jar:10.1.31]
	at org.apache.tomcat.util.net.SocketProcessorBase.run(SocketProcessorBase.java:52) ~[tomcat-embed-core-10.1.31.jar:10.1.31]
	at org.apache.tomcat.util.threads.ThreadPoolExecutor.runWorker(ThreadPoolExecutor.java:1190) ~[tomcat-embed-core-10.1.31.jar:10.1.31]
	at org.apache.tomcat.util.threads.ThreadPoolExecutor$Worker.run(ThreadPoolExecutor.java:659) ~[tomcat-embed-core-10.1.31.jar:10.1.31]
	at org.apache.tomcat.util.threads.TaskThread$WrappingRunnable.run(TaskThread.java:63) ~[tomcat-embed-core-10.1.31.jar:10.1.31]
	at java.base/java.lang.Thread.run(Thread.java:1575) ~[na:na]

2026-04-12T14:12:14.228+05:30  WARN 36832 --- [smart-toll-system] [HikariPool-1 housekeeper] com.zaxxer.hikari.pool.HikariPool        : HikariPool-1 - Thread starvation or clock leap detected (housekeeper delta=1m44s661ms589µs400ns).
2026-04-12T21:00:49.579+05:30  WARN 36832 --- [smart-toll-system] [HikariPool-1 housekeeper] com.zaxxer.hikari.pool.HikariPool        : HikariPool-1 - Thread starvation or clock leap detected (housekeeper delta=6h48m35s336ms877µs100ns).
2026-04-12T21:33:37.671+05:30  WARN 36832 --- [smart-toll-system] [HikariPool-1 housekeeper] com.zaxxer.hikari.pool.HikariPool        : HikariPool-1 - Thread starvation or clock leap detected (housekeeper delta=32m49s819ms912µs400ns).
